<?xml version="1.0" encoding="UTF-8"?>
<testsuite xmlns:xsi="http://www.w3.org/2001/XMLSchema-instance" xsi:noNamespaceSchemaLocation="https://maven.apache.org/surefire/maven-surefire-plugin/xsd/surefire-test-report-3.0.xsd" version="3.0" name="tests.RegistrationTest" time="44.066" tests="1" errors="0" skipped="0" failures="0">
  <properties>
[...]
</properties>
  <testcase name="testRegistrationFlow" classname="tests.RegistrationTest" time="36.301">
    <system-out><![CDATA[2025-09-21 18:43:17,625 INFO [main] t.RegistrationTest - Driver and RegistrationPage initialized successfully
2025-09-21 18:43:17,643 INFO [main] t.RegistrationTest - Starting registration flow test
2025-09-21 18:43:53,917 INFO [main] t.RegistrationTest - Registration flow completed successfully
]]></system-out>
    <system-err><![CDATA[Sep 21, 2025 6:43:15 PM io.appium.java_client.remote.AppiumCommandExecutor$1 lambda$0
INFO: Detected dialect: W3C
]]></system-err>
  </testcase>
</testsuite>